<?xml version="1.0" encoding="UTF-8"?>
<testsuite name="Verificar la creacion de una nueva reunion" tests="1" skipped="0" failures="1" errors="0" timestamp="2023-09-19T19:57:22" hostname="CHMEPPF0HG8XN" time="86.239">
  <properties/>
  <testcase name="Verificar que se haya creado una reunion" classname="Verificar la creacion de una nueva reunion" time="86.239">
    <failure message="java.lang.AssertionError: &#10;Expected: an element that is currently visible&#10;     but: no matching element found by [[ChromeDriver: chrome on WINDOWS (f49dd174150de89fd7bcbfef5a44d315)] -&gt; xpath: //span[contains(text(),'Meetings')]] was not visible" type="java.lang.AssertionError">java.lang.AssertionError: 
Expected: an element that is currently visible
     but: no matching element found by [[ChromeDriver: chrome on WINDOWS (f49dd174150de89fd7bcbfef5a44d315)] -&gt; xpath: //span[contains(text(),'Meetings')]] was not visible
	at net.serenitybdd.screenplay.ErrorTally.throwSummaryExceptionFrom(ErrorTally.java:38)
	at net.serenitybdd.screenplay.ErrorTally.reportAnyErrors(ErrorTally.java:32)
	at net.serenitybdd.screenplay.Actor.should(Actor.java:353)
	at net.serenitybdd.screenplay.waits.WaitUntilBuilder$1.performAs(WaitUntilBuilder.java:29)
	at net.serenitybdd.screenplay.Actor.performTask(Actor.java:283)
	at net.serenitybdd.screenplay.Actor.perform(Actor.java:262)
	at net.serenitybdd.screenplay.Actor.performSilently(Actor.java:242)
	at net.serenitybdd.screenplay.Actor.attemptsTo(Actor.java:199)
	at net.serenitybdd.screenplay.Actor.attemptsTo(Actor.java:210)
	at co.com.choucair.certification.reto.tasks.CrearReunion.performAs(CrearReunion.java:26)
	at co.com.choucair.certification.reto.tasks.CrearReunion$ByteBuddy$v2DG8Oz1.performAs$accessor$S99VnxXN(Unknown Source)
	at java.base/jdk.internal.reflect.NativeMethodAccessorImpl.invoke0(Native Method)
	at java.base/jdk.internal.reflect.NativeMethodAccessorImpl.invoke(NativeMethodAccessorImpl.java:62)
	at java.base/jdk.internal.reflect.DelegatingMethodAccessorImpl.invoke(DelegatingMethodAccessorImpl.java:43)
	at java.base/java.lang.reflect.Method.invoke(Method.java:566)
	at net.thucydides.core.steps.StepInterceptor.invokeMethod(StepInterceptor.java:503)
	at net.thucydides.core.steps.StepInterceptor.executeTestStepMethod(StepInterceptor.java:483)
	at net.thucydides.core.steps.StepInterceptor.runTestStep(StepInterceptor.java:457)
	at net.thucydides.core.steps.StepInterceptor.runOrSkipMethod(StepInterceptor.java:209)
	at net.thucydides.core.steps.StepInterceptor.testStepResult(StepInterceptor.java:196)
	at net.thucydides.core.steps.StepInterceptor.intercept(StepInterceptor.java:84)
	at net.thucydides.core.steps.ProxyConfiguration$InterceptorDispatcher.intercept(ProxyConfiguration.java:51)
	at co.com.choucair.certification.reto.tasks.CrearReunion$ByteBuddy$v2DG8Oz1.performAs(Unknown Source)
	at net.serenitybdd.screenplay.Actor.performTask(Actor.java:283)
	at net.serenitybdd.screenplay.Actor.perform(Actor.java:262)
	at net.serenitybdd.screenplay.Actor.attemptsTo(Actor.java:203)
	at net.serenitybdd.screenplay.Actor.attemptsTo(Actor.java:210)
	at co.com.choucair.certification.reto.stepdefinitions.MeetingSteps.seCreaUnaReunion(MeetingSteps.java:17)
	at ✽.se crea una reunion(file:///C:/Users/dsantosd/Documents/FormacionTecnica/reto_tecnico/src/test/resources/features/reuniones.feature:12)
</failure>
  </testcase>
  <system-out><![CDATA[Hello
Hello2
]]></system-out>
  <system-err><![CDATA[[Test worker] INFO io.cucumber.core.plugin.SerenityReporter - Running feature from file:///C:/Users/dsantosd/Documents/FormacionTecnica/reto_tecnico/src/test/resources/features/reuniones.feature
[Test worker] INFO  - 
  _____   ___   ___   _____     ___   _____     _     ___   _____   ___   ___  
 |_   _| | __| / __| |_   _|   / __| |_   _|   /_\   | _ \ |_   _| | __| |   \ 
   | |   | _|  \__ \   | |     \__ \   | |    / _ \  |   /   | |   | _|  | |) |
   |_|   |___| |___/   |_|     |___/   |_|   /_/ \_\ |_|_\   |_|   |___| |___/ 

Verificar que se haya creado una reunion(verificar-la-creacion-de-una-nueva-reunion;verificar-que-se-haya-creado-una-reunion)
--------------------------------------------------------------------------------
[Test worker] INFO io.github.bonigarcia.wdm.WebDriverManager - Using chromedriver 116.0.5845.96 (resolved driver for Chrome 116)
[Test worker] INFO io.github.bonigarcia.wdm.WebDriverManager - Exporting webdriver.chrome.driver as C:\Users\dsantosd\.cache\selenium\chromedriver\win64\116.0.5845.96\chromedriver.exe
[Test worker] INFO io.github.bonigarcia.wdm.WebDriverManager - Using chromedriver 116.0.5845.96 (resolved driver for Chrome 116)
[Test worker] INFO io.github.bonigarcia.wdm.WebDriverManager - Exporting webdriver.chrome.driver as C:\Users\dsantosd\.cache\selenium\chromedriver\win64\116.0.5845.96\chromedriver.exe
[Test worker] INFO net.serenitybdd.core.webdriver.driverproviders.DriverProvider - Using WebDriverManager configuration for chrome
[Test worker] INFO io.github.bonigarcia.wdm.WebDriverManager - Using chromedriver 116.0.5845.96 (resolved driver for Chrome 116)
[Test worker] INFO io.github.bonigarcia.wdm.WebDriverManager - Exporting webdriver.chrome.driver as C:\Users\dsantosd\.cache\selenium\chromedriver\win64\116.0.5845.96\chromedriver.exe
[Test worker] INFO net.serenitybdd.core.webdriver.driverproviders.ChromeDriverProvider - Starting Chrome driver instance with capabilities:
[Test worker] INFO net.serenitybdd.core.webdriver.driverproviders.ChromeDriverProvider - Capabilities {acceptInsecureCerts: false, browserName: chrome, goog:chromeOptions: {args: [--remote-allow-origins=*, -no-sandbox, --lang=en-us, -disable-download-notification, -test-type, -ignore-certificate-errors, -allow-running-insecure-con..., -always-authorize-plugins], extensions: []}}
Starting ChromeDriver 116.0.5845.96 (1a391816688002153ef791ffe60d9e899a71a037-refs/branch-heads/5845@{#1382}) on port 58328
Only local connections are allowed.
Please see https://chromedriver.chromium.org/security-considerations for suggestions on keeping ChromeDriver safe.
ChromeDriver was started successfully.
sep. 19, 2023 2:57:26 P. M. org.openqa.selenium.remote.ProtocolHandshake createSession
INFORMACIÓN: Detected upstream dialect: W3C
sep. 19, 2023 2:57:26 P. M. org.openqa.selenium.devtools.CdpVersionFinder findNearestMatch
ADVERTENCIA: Unable to find an exact match for CDP version 116, so returning the closest version found: a no-op implementation
sep. 19, 2023 2:57:26 P. M. org.openqa.selenium.devtools.CdpVersionFinder findNearestMatch
INFORMACIÓN: Unable to find CDP implementation matching 116.
sep. 19, 2023 2:57:26 P. M. org.openqa.selenium.chromium.ChromiumDriver lambda$new$3
ADVERTENCIA: Unable to find version of CDP to use for . You may need to include a dependency on a specific version of the CDP using something similar to `org.seleniumhq.selenium:selenium-devtools-v86:4.4.0` where the version ("v86") matches the version of the chromium-based browser you're using and the version number of the artifact is the same as Selenium's.
[Test worker] ERROR  - 
  _____   ___   ___   _____     ___     _     ___   _      ___   ___  
 |_   _| | __| / __| |_   _|   | __|   /_\   |_ _| | |    | __| |   \ 
   | |   | _|  \__ \   | |     | _|   / _ \   | |  | |__  | _|  | |) |
   |_|   |___| |___/   |_|     |_|   /_/ \_\ |___| |____| |___| |___/ 

Verificar que se haya creado una reunion
-----------------------------------------------------------------------
[Test worker] ERROR  -     Test failed at step: When se crea una reunion
[Test worker] ERROR  -     Expected: an element that is currently visible but: no matching element found by [[ChromeDriver: chrome on WINDOWS (f49dd174150de89fd7bcbfef5a44d315)] -> xpath: //span[contains(text(),'Meetings')]] was not visible
]]></system-err>
</testsuite>
